===================================================================================
SLURM Job ID:            3143427
Submit time:             Tue Mar 17 16:39:36 GMT 2020 (Unix Epoch time: 1584463176)
Start time:              Thu Mar 19 18:18:26 GMT 2020 (Unix Epoch time: 1584641906)
No. nodes:               1
No. tasks:               16
Job name:                rfregession
Account:                 teaching
QoS:                     teaching
Partition (queue):       teaching
Submit directory:        /users/gpb15148/Random Forest/RF_with_QM_data
Script name:             /users/gpb15148/Random Forest/RF_with_QM_data/run_RF_QM.sh
Master node:             node288
Nodes used:              node288
Task distribution:       
===================================================================================

Traceback (most recent call last):
  File "RF_09.03_with_QM.py", line 73, in <module>
    test_features = pd.DataFrame(test_features, columns=feature_list)
  File "/opt/software/anaconda/python-3.6.8/2019.03/lib/python3.6/site-packages/pandas/core/frame.py", line 440, in __init__
    mgr = init_ndarray(data, index, columns, dtype=dtype, copy=copy)
  File "/opt/software/anaconda/python-3.6.8/2019.03/lib/python3.6/site-packages/pandas/core/internals/construction.py", line 213, in init_ndarray
    return create_block_manager_from_blocks(block_values, [columns, index])
  File "/opt/software/anaconda/python-3.6.8/2019.03/lib/python3.6/site-packages/pandas/core/internals/managers.py", line 1681, in create_block_manager_from_blocks
    mgr = BlockManager(blocks, axes)
  File "/opt/software/anaconda/python-3.6.8/2019.03/lib/python3.6/site-packages/pandas/core/internals/managers.py", line 143, in __init__
    self._verify_integrity()
  File "/opt/software/anaconda/python-3.6.8/2019.03/lib/python3.6/site-packages/pandas/core/internals/managers.py", line 350, in _verify_integrity
    "tot_items: {1}".format(len(self.items), tot_items)
AssertionError: Number of manager items must equal union of block items
# manager items: 1126, # tot_items: 1125
===================================================================================
SLURM job 3143427 ended:     Thu Mar 19 18:18:29 GMT 2020 (Unix Epoch time: 1584641909)
This is an estimated end time using the 'date' command from node node288.hpc.strath.ac.uk
For accurate timings, use 'sacct -j 3143427 -X --format=Submit,Start,End,Elapsed'
======================================================================================
